<?xml version="1.0" encoding="UTF-8"?>
<testsuite xmlns:xsi="http://www.w3.org/2001/XMLSchema-instance" xsi:noNamespaceSchemaLocation="https://maven.apache.org/surefire/maven-surefire-plugin/xsd/surefire-test-report.xsd" name="de.thorsten.CalculatorTest" time="0.037" tests="23" errors="0" skipped="1" failures="0">
  <properties>
[...]
</properties>
  <testcase name="multiplyWithZeroShouldReturnZero{RepetitionInfo}[1]" classname="de.thorsten.CalculatorTest" time="0.006"/>
  <testcase name="multiplyWithZeroShouldReturnZero{RepetitionInfo}[2]" classname="de.thorsten.CalculatorTest" time="0"/>
  <testcase name="multiplyWithZeroShouldReturnZero{RepetitionInfo}[3]" classname="de.thorsten.CalculatorTest" time="0.001"/>
  <testcase name="multiplyWithZeroShouldReturnZero{RepetitionInfo}[4]" classname="de.thorsten.CalculatorTest" time="0.001"/>
  <testcase name="multiplyWithZeroShouldReturnZero{RepetitionInfo}[5]" classname="de.thorsten.CalculatorTest" time="0.001"/>
  <testcase name="multiplyWithZeroShouldReturnZero{RepetitionInfo}[6]" classname="de.thorsten.CalculatorTest" time="0.001"/>
  <testcase name="multiplyWithZeroShouldReturnZero{RepetitionInfo}[7]" classname="de.thorsten.CalculatorTest" time="0.001"/>
  <testcase name="multiplyWithZeroShouldReturnZero{RepetitionInfo}[8]" classname="de.thorsten.CalculatorTest" time="0"/>
  <testcase name="multiplyWithZeroShouldReturnZero{RepetitionInfo}[9]" classname="de.thorsten.CalculatorTest" time="0"/>
  <testcase name="multiplyWithZeroShouldReturnZero{RepetitionInfo}[10]" classname="de.thorsten.CalculatorTest" time="0.001"/>
  <testcase name="multiplyWithZeroShouldReturnZero{RepetitionInfo}[11]" classname="de.thorsten.CalculatorTest" time="0.001"/>
  <testcase name="multiplyWithZeroShouldReturnZero{RepetitionInfo}[12]" classname="de.thorsten.CalculatorTest" time="0.001"/>
  <testcase name="multiplyWithZeroShouldReturnZero{RepetitionInfo}[13]" classname="de.thorsten.CalculatorTest" time="0"/>
  <testcase name="multiplyWithZeroShouldReturnZero{RepetitionInfo}[14]" classname="de.thorsten.CalculatorTest" time="0"/>
  <testcase name="multiplyWithZeroShouldReturnZero{RepetitionInfo}[15]" classname="de.thorsten.CalculatorTest" time="0.001"/>
  <testcase name="multiplyWithZeroShouldReturnZero{RepetitionInfo}[16]" classname="de.thorsten.CalculatorTest" time="0.001"/>
  <testcase name="multiplyWithZeroShouldReturnZero{RepetitionInfo}[17]" classname="de.thorsten.CalculatorTest" time="0.001"/>
  <testcase name="multiplyWithZeroShouldReturnZero{RepetitionInfo}[18]" classname="de.thorsten.CalculatorTest" time="0"/>
  <testcase name="multiplyWithZeroShouldReturnZero{RepetitionInfo}[19]" classname="de.thorsten.CalculatorTest" time="0.001"/>
  <testcase name="multiplyWithZeroShouldReturnZero{RepetitionInfo}[20]" classname="de.thorsten.CalculatorTest" time="0"/>
  <testcase name="addShouldShowCorrectSum" classname="de.thorsten.CalculatorTest" time="0.002"/>
  <testcase name="testMultiply" classname="de.thorsten.CalculatorTest" time="0.001"/>
  <testcase name="multiplyWithOneShouldReturnSecondGivenNumber" classname="de.thorsten.CalculatorTest" time="0">
    <skipped message="Test is not need"/>
  </testcase>
</testsuite>